Using pre-set license
Built from '2020.3/staging' branch; Version is '2020.3.37f1 (8c66806a0c04) revision 9201280'; Using compiler version '192528614'; Build Type 'Release'
OS: 'Windows 10  (10.0.19045) 64bit Education' Language: 'en' Physical Memory: 32481 MB
BatchMode: 1, IsHumanControllingUs: 0, StartBugReporterOnCrash: 0, Is64bit: 1, IsPro: 0

COMMAND LINE ARGUMENTS:
C:\Program Files\Unity\Hub\Editor\2020.3.37f1\Editor\Unity.exe
-adb2
-batchMode
-noUpm
-name
AssetImportWorker0
-projectPath
<<<<<<< HEAD
E:/VGD/Andrew/Q1_2year/Q1_2nd
-logFile
Logs/AssetImportWorker0.log
-srvPort
58106
Successfully changed project path to: E:/VGD/Andrew/Q1_2year/Q1_2nd
E:/VGD/Andrew/Q1_2year/Q1_2nd
Using Asset Import Pipeline V2.
Refreshing native plugins compatible for Editor in 34.90 ms, found 3 plugins.
Preloading 0 native plugins for Editor in 0.00 ms.
Initialize engine version: 2020.3.37f1 (8c66806a0c04)
[Subsystems] Discovering subsystems at path C:/Program Files/Unity/Hub/Editor/2020.3.37f1/Editor/Data/Resources/UnitySubsystems
[Subsystems] Discovering subsystems at path E:/VGD/Andrew/Q1_2year/Q1_2nd/Assets
=======
E:/VGD/Xavier/Q1_2year/Q1_2nd
-logFile
Logs/AssetImportWorker0.log
-srvPort
<<<<<<< HEAD
58480
Successfully changed project path to: E:/VGD/Andrew/Q1_2year/Q1_2nd
E:/VGD/Andrew/Q1_2year/Q1_2nd
Using Asset Import Pipeline V2.
Refreshing native plugins compatible for Editor in 34.83 ms, found 3 plugins.
=======
60311
Successfully changed project path to: E:/VGD/Xavier/Q1_2year/Q1_2nd
E:/VGD/Xavier/Q1_2year/Q1_2nd
Using Asset Import Pipeline V2.
Refreshing native plugins compatible for Editor in 35.42 ms, found 3 plugins.
>>>>>>> 0531a07aa79456629caffac80f1c828ca0d705ab
Preloading 0 native plugins for Editor in 0.00 ms.
Initialize engine version: 2020.3.37f1 (8c66806a0c04)
[Subsystems] Discovering subsystems at path C:/Program Files/Unity/Hub/Editor/2020.3.37f1/Editor/Data/Resources/UnitySubsystems
[Subsystems] Discovering subsystems at path E:/VGD/Xavier/Q1_2year/Q1_2nd/Assets
>>>>>>> f8552e454cfdefb2c8b6ee00ddc3506c95b1d0f7
GfxDevice: creating device client; threaded=0
Direct3D:
    Version:  Direct3D 11.0 [level 11.1]
    Renderer: NVIDIA GeForce RTX 2060 SUPER (ID=0x1f06)
    Vendor:   
    VRAM:     8019 MB
    Driver:   31.0.15.3619
Initialize mono
Mono path[0] = 'C:/Program Files/Unity/Hub/Editor/2020.3.37f1/Editor/Data/Managed'
Mono path[1] = 'C:/Program Files/Unity/Hub/Editor/2020.3.37f1/Editor/Data/MonoBleedingEdge/lib/mono/unityjit'
Mono config path = 'C:/Program Files/Unity/Hub/Editor/2020.3.37f1/Editor/Data/MonoBleedingEdge/etc'
<<<<<<< HEAD
Using monoOptions --debugger-agent=transport=dt_socket,embedding=1,server=y,suspend=n,address=127.0.0.1:56280
=======
<<<<<<< HEAD
Using monoOptions --debugger-agent=transport=dt_socket,embedding=1,server=y,suspend=n,address=127.0.0.1:56952
=======
Using monoOptions --debugger-agent=transport=dt_socket,embedding=1,server=y,suspend=n,address=127.0.0.1:56480
>>>>>>> 0531a07aa79456629caffac80f1c828ca0d705ab
>>>>>>> f8552e454cfdefb2c8b6ee00ddc3506c95b1d0f7
Begin MonoManager ReloadAssembly
Registering precompiled unity dll's ...
Register platform support module: C:/Program Files/Unity/Hub/Editor/2020.3.37f1/Editor/Data/PlaybackEngines/WebGLSupport/UnityEditor.WebGL.Extensions.dll
Register platform support module: C:/Program Files/Unity/Hub/Editor/2020.3.37f1/Editor/Data/PlaybackEngines/WindowsStandaloneSupport/UnityEditor.WindowsStandalone.Extensions.dll
<<<<<<< HEAD
Registered in 0.001587 seconds.
Native extension for WindowsStandalone target not found
Native extension for WebGL target not found
Refreshing native plugins compatible for Editor in 37.11 ms, found 3 plugins.
Preloading 0 native plugins for Editor in 0.00 ms.
Mono: successfully reloaded assembly
- Completed reload, in  0.477 seconds
Domain Reload Profiling:
	ReloadAssembly (477ms)
=======
<<<<<<< HEAD
Registered in 0.001634 seconds.
Native extension for WindowsStandalone target not found
Native extension for WebGL target not found
Refreshing native plugins compatible for Editor in 34.87 ms, found 3 plugins.
Preloading 0 native plugins for Editor in 0.00 ms.
Mono: successfully reloaded assembly
- Completed reload, in  0.574 seconds
Domain Reload Profiling:
	ReloadAssembly (574ms)
>>>>>>> f8552e454cfdefb2c8b6ee00ddc3506c95b1d0f7
		BeginReloadAssembly (48ms)
=======
Registered in 0.001636 seconds.
Native extension for WindowsStandalone target not found
Native extension for WebGL target not found
Refreshing native plugins compatible for Editor in 35.29 ms, found 3 plugins.
Preloading 0 native plugins for Editor in 0.00 ms.
Mono: successfully reloaded assembly
- Completed reload, in  0.471 seconds
Domain Reload Profiling:
	ReloadAssembly (472ms)
		BeginReloadAssembly (49ms)
>>>>>>> 0531a07aa79456629caffac80f1c828ca0d705ab
			ExecutionOrderSort (0ms)
			DisableScriptedObjects (0ms)
			BackupInstance (0ms)
			ReleaseScriptingObjects (0ms)
			CreateAndSetChildDomain (1ms)
<<<<<<< HEAD
		EndReloadAssembly (373ms)
=======
<<<<<<< HEAD
		EndReloadAssembly (368ms)
>>>>>>> f8552e454cfdefb2c8b6ee00ddc3506c95b1d0f7
			LoadAssemblies (47ms)
			RebuildTransferFunctionScriptingTraits (0ms)
			SetupTypeCache (124ms)
			ReleaseScriptCaches (0ms)
<<<<<<< HEAD
			RebuildScriptCaches (24ms)
			SetupLoadedEditorAssemblies (139ms)
				LogAssemblyErrors (0ms)
				InitializePlatformSupportModulesInManaged (4ms)
				SetLoadedEditorAssemblies (0ms)
				RefreshPlugins (37ms)
				BeforeProcessingInitializeOnLoad (11ms)
				ProcessInitializeOnLoadAttributes (65ms)
				ProcessInitializeOnLoadMethodAttributes (21ms)
=======
			RebuildScriptCaches (25ms)
=======
		EndReloadAssembly (366ms)
			LoadAssemblies (48ms)
			RebuildTransferFunctionScriptingTraits (0ms)
			SetupTypeCache (118ms)
			ReleaseScriptCaches (0ms)
			RebuildScriptCaches (23ms)
>>>>>>> 0531a07aa79456629caffac80f1c828ca0d705ab
			SetupLoadedEditorAssemblies (140ms)
				LogAssemblyErrors (0ms)
				InitializePlatformSupportModulesInManaged (4ms)
				SetLoadedEditorAssemblies (0ms)
				RefreshPlugins (35ms)
				BeforeProcessingInitializeOnLoad (11ms)
<<<<<<< HEAD
				ProcessInitializeOnLoadAttributes (64ms)
				ProcessInitializeOnLoadMethodAttributes (26ms)
=======
				ProcessInitializeOnLoadAttributes (67ms)
				ProcessInitializeOnLoadMethodAttributes (22ms)
>>>>>>> 0531a07aa79456629caffac80f1c828ca0d705ab
>>>>>>> f8552e454cfdefb2c8b6ee00ddc3506c95b1d0f7
				AfterProcessingInitializeOnLoad (0ms)
				EditorAssembliesLoaded (0ms)
			ExecutionOrderSort2 (0ms)
			AwakeInstancesAfterBackupRestoration (0ms)
Platform modules already initialized, skipping
Registering precompiled user dll's ...
<<<<<<< HEAD
Registered in 0.001811 seconds.
Begin MonoManager ReloadAssembly
Native extension for WindowsStandalone target not found
Native extension for WebGL target not found
Refreshing native plugins compatible for Editor in 35.05 ms, found 3 plugins.
Preloading 0 native plugins for Editor in 0.00 ms.
Mono: successfully reloaded assembly
- Completed reload, in  0.852 seconds
Domain Reload Profiling:
	ReloadAssembly (853ms)
		BeginReloadAssembly (117ms)
=======
<<<<<<< HEAD
Registered in 0.001949 seconds.
Begin MonoManager ReloadAssembly
Native extension for WindowsStandalone target not found
Native extension for WebGL target not found
Refreshing native plugins compatible for Editor in 34.90 ms, found 3 plugins.
Preloading 0 native plugins for Editor in 0.00 ms.
Mono: successfully reloaded assembly
- Completed reload, in  0.849 seconds
Domain Reload Profiling:
	ReloadAssembly (849ms)
		BeginReloadAssembly (116ms)
=======
Registered in 0.001835 seconds.
Begin MonoManager ReloadAssembly
Native extension for WindowsStandalone target not found
Native extension for WebGL target not found
Refreshing native plugins compatible for Editor in 34.14 ms, found 3 plugins.
Preloading 0 native plugins for Editor in 0.00 ms.
Mono: successfully reloaded assembly
- Completed reload, in  0.873 seconds
Domain Reload Profiling:
	ReloadAssembly (874ms)
		BeginReloadAssembly (121ms)
>>>>>>> 0531a07aa79456629caffac80f1c828ca0d705ab
>>>>>>> f8552e454cfdefb2c8b6ee00ddc3506c95b1d0f7
			ExecutionOrderSort (0ms)
			DisableScriptedObjects (4ms)
			BackupInstance (0ms)
			ReleaseScriptingObjects (0ms)
			CreateAndSetChildDomain (15ms)
<<<<<<< HEAD
		EndReloadAssembly (691ms)
			LoadAssemblies (72ms)
			RebuildTransferFunctionScriptingTraits (0ms)
			SetupTypeCache (221ms)
			ReleaseScriptCaches (0ms)
			RebuildScriptCaches (37ms)
			SetupLoadedEditorAssemblies (267ms)
=======
<<<<<<< HEAD
		EndReloadAssembly (688ms)
			LoadAssemblies (71ms)
=======
		EndReloadAssembly (705ms)
			LoadAssemblies (77ms)
>>>>>>> 0531a07aa79456629caffac80f1c828ca0d705ab
			RebuildTransferFunctionScriptingTraits (0ms)
			SetupTypeCache (231ms)
			ReleaseScriptCaches (0ms)
			RebuildScriptCaches (37ms)
<<<<<<< HEAD
			SetupLoadedEditorAssemblies (266ms)
>>>>>>> f8552e454cfdefb2c8b6ee00ddc3506c95b1d0f7
				LogAssemblyErrors (0ms)
				InitializePlatformSupportModulesInManaged (3ms)
				SetLoadedEditorAssemblies (0ms)
				RefreshPlugins (35ms)
<<<<<<< HEAD
				BeforeProcessingInitializeOnLoad (61ms)
				ProcessInitializeOnLoadAttributes (147ms)
=======
				BeforeProcessingInitializeOnLoad (60ms)
				ProcessInitializeOnLoadAttributes (146ms)
>>>>>>> f8552e454cfdefb2c8b6ee00ddc3506c95b1d0f7
				ProcessInitializeOnLoadMethodAttributes (16ms)
				AfterProcessingInitializeOnLoad (4ms)
=======
			SetupLoadedEditorAssemblies (272ms)
				LogAssemblyErrors (0ms)
				InitializePlatformSupportModulesInManaged (3ms)
				SetLoadedEditorAssemblies (0ms)
				RefreshPlugins (34ms)
				BeforeProcessingInitializeOnLoad (61ms)
				ProcessInitializeOnLoadAttributes (152ms)
				ProcessInitializeOnLoadMethodAttributes (17ms)
				AfterProcessingInitializeOnLoad (5ms)
>>>>>>> 0531a07aa79456629caffac80f1c828ca0d705ab
				EditorAssembliesLoaded (0ms)
			ExecutionOrderSort2 (0ms)
			AwakeInstancesAfterBackupRestoration (2ms)
Platform modules already initialized, skipping
========================================================================
Worker process is ready to serve import requests
<<<<<<< HEAD
Launched and connected shader compiler UnityShaderCompiler.exe after 0.07 seconds
Refreshing native plugins compatible for Editor in 0.43 ms, found 3 plugins.
=======
Launched and connected shader compiler UnityShaderCompiler.exe after 0.03 seconds
Refreshing native plugins compatible for Editor in 0.39 ms, found 3 plugins.
>>>>>>> 0531a07aa79456629caffac80f1c828ca0d705ab
Preloading 0 native plugins for Editor in 0.00 ms.
Unloading 2202 Unused Serialized files (Serialized files now loaded: 0)
System memory in use before: 97.0 MB.
System memory in use after: 97.0 MB.

<<<<<<< HEAD
Unloading 32 unused Assets to reduce memory usage. Loaded Objects now: 2633.
Total: 2.717300 ms (FindLiveObjects: 0.161900 ms CreateObjectMapping: 0.079500 ms MarkObjects: 2.364100 ms  DeleteObjects: 0.111200 ms)
=======
Unloading 31 unused Assets to reduce memory usage. Loaded Objects now: 2633.
Total: 2.537900 ms (FindLiveObjects: 0.151000 ms CreateObjectMapping: 0.076500 ms MarkObjects: 2.198800 ms  DeleteObjects: 0.111100 ms)
>>>>>>> 0531a07aa79456629caffac80f1c828ca0d705ab

AssetImportParameters requested are different than current active one (requested -> active):
  custom:framework-win-MediaFoundation: 216162199b28c13a410421893ffa2e32 -> 
  custom:video-decoder-ogg-theora: a1e56fd34408186e4bbccfd4996cb3dc -> 
  custom:container-muxer-webm: aa71ff27fc2769a1b78a27578f13a17b -> 
  custom:container-demuxer-webm: 4f35f7cbe854078d1ac9338744f61a02 -> 
  custom:container-demuxer-ogg: 62fdf1f143b41e24485cea50d1cbac27 -> 
  custom:video-encoder-webm-vp8: eb34c28f22e8b96e1ab97ce403110664 -> 
  custom:video-decoder-webm-vp8: 9c59270c3fd7afecdb556c50c9e8de78 -> 
  custom:audio-decoder-ogg-vorbis: bf7c407c2cedff20999df2af8eb42d56 -> 
  custom:audio-encoder-webm-vorbis: bf7c407c2cedff20999df2af8eb42d56 -> 
<<<<<<< HEAD
=======
========================================================================
Received Import Request.
  path: Assets/Andrew
  artifactKey: Guid(ac05641f8c105f941a4fa56ea60f4922) Importer(815301076,1909f56bfc062723c751e8b465ee728b)
Start importing Assets/Andrew using Guid(ac05641f8c105f941a4fa56ea60f4922) Importer(815301076,1909f56bfc062723c751e8b465ee728b)  -> (artifact id: '7f3b16cb8c0ee730482809ccfa76a113') in 0.008080 seconds 
========================================================================
Received Import Request.
  Time since last request: 14.185026 seconds.
  path: Assets/Xavier
  artifactKey: Guid(b25b15bada87b9f4ea2d7a8df5e4e25a) Importer(815301076,1909f56bfc062723c751e8b465ee728b)
Start importing Assets/Xavier using Guid(b25b15bada87b9f4ea2d7a8df5e4e25a) Importer(815301076,1909f56bfc062723c751e8b465ee728b)  -> (artifact id: '349a652cc06b32fa2f8c9c8b32864f86') in 0.006170 seconds 
========================================================================
Received Import Request.
  Time since last request: 4.482868 seconds.
  path: Assets/Xavier/NewBehaviourScript.cs
  artifactKey: Guid(988e96e9eed452a4b9664b11aeec7960) Importer(815301076,1909f56bfc062723c751e8b465ee728b)
Start importing Assets/Xavier/NewBehaviourScript.cs using Guid(988e96e9eed452a4b9664b11aeec7960) Importer(815301076,1909f56bfc062723c751e8b465ee728b)  -> (artifact id: '8977cafcab3b84fc22219f87c56141cd') in 0.034625 seconds 
========================================================================
Received Prepare
Registering precompiled user dll's ...
Registered in 0.001759 seconds.
Begin MonoManager ReloadAssembly
Native extension for WindowsStandalone target not found
Native extension for WebGL target not found
Refreshing native plugins compatible for Editor in 0.40 ms, found 3 plugins.
Preloading 0 native plugins for Editor in 0.00 ms.
Mono: successfully reloaded assembly
- Completed reload, in  0.878 seconds
Domain Reload Profiling:
	ReloadAssembly (878ms)
		BeginReloadAssembly (101ms)
			ExecutionOrderSort (0ms)
			DisableScriptedObjects (5ms)
			BackupInstance (0ms)
			ReleaseScriptingObjects (0ms)
			CreateAndSetChildDomain (28ms)
		EndReloadAssembly (730ms)
			LoadAssemblies (80ms)
			RebuildTransferFunctionScriptingTraits (0ms)
			SetupTypeCache (222ms)
			ReleaseScriptCaches (1ms)
			RebuildScriptCaches (33ms)
			SetupLoadedEditorAssemblies (257ms)
				LogAssemblyErrors (0ms)
				InitializePlatformSupportModulesInManaged (4ms)
				SetLoadedEditorAssemblies (0ms)
				RefreshPlugins (0ms)
				BeforeProcessingInitializeOnLoad (73ms)
				ProcessInitializeOnLoadAttributes (162ms)
				ProcessInitializeOnLoadMethodAttributes (12ms)
				AfterProcessingInitializeOnLoad (5ms)
				EditorAssembliesLoaded (0ms)
			ExecutionOrderSort2 (0ms)
			AwakeInstancesAfterBackupRestoration (3ms)
Platform modules already initialized, skipping
Refreshing native plugins compatible for Editor in 0.38 ms, found 3 plugins.
Preloading 0 native plugins for Editor in 0.00 ms.
Unloading 2196 Unused Serialized files (Serialized files now loaded: 0)
System memory in use before: 97.0 MB.
System memory in use after: 96.9 MB.

<<<<<<< HEAD
Unloading 31 unused Assets to reduce memory usage. Loaded Objects now: 2633.
Total: 3.227500 ms (FindLiveObjects: 0.257900 ms CreateObjectMapping: 0.120100 ms MarkObjects: 2.713500 ms  DeleteObjects: 0.135500 ms)
=======
Unloading 20 unused Assets to reduce memory usage. Loaded Objects now: 2636.
Total: 2.394500 ms (FindLiveObjects: 0.128700 ms CreateObjectMapping: 0.067900 ms MarkObjects: 2.107100 ms  DeleteObjects: 0.090200 ms)
>>>>>>> f8552e454cfdefb2c8b6ee00ddc3506c95b1d0f7

AssetImportParameters requested are different than current active one (requested -> active):
  custom:framework-win-MediaFoundation: 216162199b28c13a410421893ffa2e32 -> 
  custom:video-decoder-ogg-theora: a1e56fd34408186e4bbccfd4996cb3dc -> 
  custom:container-muxer-webm: aa71ff27fc2769a1b78a27578f13a17b -> 
  custom:container-demuxer-webm: 4f35f7cbe854078d1ac9338744f61a02 -> 
  custom:container-demuxer-ogg: 62fdf1f143b41e24485cea50d1cbac27 -> 
  custom:video-encoder-webm-vp8: eb34c28f22e8b96e1ab97ce403110664 -> 
  custom:video-decoder-webm-vp8: 9c59270c3fd7afecdb556c50c9e8de78 -> 
  custom:audio-decoder-ogg-vorbis: bf7c407c2cedff20999df2af8eb42d56 -> 
  custom:audio-encoder-webm-vorbis: bf7c407c2cedff20999df2af8eb42d56 -> 
========================================================================
Received Import Request.
<<<<<<< HEAD
  path: Assets/Andrew
  artifactKey: Guid(ac05641f8c105f941a4fa56ea60f4922) Importer(815301076,1909f56bfc062723c751e8b465ee728b)
Start importing Assets/Andrew using Guid(ac05641f8c105f941a4fa56ea60f4922) Importer(815301076,1909f56bfc062723c751e8b465ee728b)  -> (artifact id: 'f6c5ca899cd3bb2c3275180d5276bbb9') in 0.008600 seconds 
=======
  Time since last request: 15.800759 seconds.
  path: Assets/Xavier/AMONG YOU.unity
  artifactKey: Guid(b3b1697652539604b9ceaa846147d109) Importer(815301076,1909f56bfc062723c751e8b465ee728b)
Start importing Assets/Xavier/AMONG YOU.unity using Guid(b3b1697652539604b9ceaa846147d109) Importer(815301076,1909f56bfc062723c751e8b465ee728b)  -> (artifact id: 'cba95fb4843f427d1e412532992d0cd1') in 0.008557 seconds 
>>>>>>> 0531a07aa79456629caffac80f1c828ca0d705ab
>>>>>>> f8552e454cfdefb2c8b6ee00ddc3506c95b1d0f7
AssetImportWorkerClient::OnTransportError - code=2 error=End of file
